5k mark 1: hmdb/hmdb_metabolites-10449.xml
5k mark 2: hmdb/hmdb_metabolites-108990.xml
5k mark 3: hmdb/hmdb_metabolites-11349.xml
5k mark 4: hmdb/hmdb_metabolites-117990.xml
5k mark 5: hmdb/hmdb_metabolites-12249.xml
5k mark 6: hmdb/hmdb_metabolites-126990.xml
5k mark 7: hmdb/hmdb_metabolites-13149.xml
5k mark 8: hmdb/hmdb_metabolites-135990.xml
5k mark 9: hmdb/hmdb_metabolites-14049.xml
5k mark 10: hmdb/hmdb_metabolites-144990.xml
5k mark 11: hmdb/hmdb_metabolites-149490.xml
5k mark 12: hmdb/hmdb_metabolites-153990.xml
5k mark 13: hmdb/hmdb_metabolites-158490.xml
5k mark 14: hmdb/hmdb_metabolites-162990.xml
5k mark 15: hmdb/hmdb_metabolites-167490.xml
5k mark 16: hmdb/hmdb_metabolites-171990.xml
5k mark 17: hmdb/hmdb_metabolites-176490.xml
5k mark 18: hmdb/hmdb_metabolites-180990.xml
5k mark 19: hmdb/hmdb_metabolites-185490.xml
5k mark 20: hmdb/hmdb_metabolites-189991.xml
5k mark 21: hmdb/hmdb_metabolites-194490.xml
5k mark 22: hmdb/hmdb_metabolites-198991.xml
5k mark 23: hmdb/hmdb_metabolites-203490.xml
5k mark 24: hmdb/hmdb_metabolites-207991.xml
5k mark 25: hmdb/hmdb_metabolites-212490.xml
5k mark 26: hmdb/hmdb_metabolites-216991.xml
5k mark 27: hmdb/hmdb_metabolites-25362.xml
5k mark 28: hmdb/hmdb_metabolites-29863.xml
5k mark 29: hmdb/hmdb_metabolites-34363.xml
5k mark 30: hmdb/hmdb_metabolites-38864.xml
5k mark 31: hmdb/hmdb_metabolites-43364.xml
5k mark 32: hmdb/hmdb_metabolites-47865.xml
5k mark 33: hmdb/hmdb_metabolites-52365.xml
5k mark 34: hmdb/hmdb_metabolites-56866.xml
5k mark 35: hmdb/hmdb_metabolites-61366.xml
5k mark 36: hmdb/hmdb_metabolites-65867.xml
5k mark 37: hmdb/hmdb_metabolites-70367.xml
5k mark 38: hmdb/hmdb_metabolites-74868.xml
5k mark 39: hmdb/hmdb_metabolites-79368.xml
5k mark 40: hmdb/hmdb_metabolites-83869.xml
5k mark 41: hmdb/hmdb_metabolites-88369.xml
5k mark 42: hmdb/hmdb_metabolites-9287.xml
5k mark 43: hmdb/hmdb_metabolites-9737.xml
[INFO]: List of primary IDs is written
[INFO]: Secondary to primary id table is written
[INFO]: Name to symbols table is written
Start to the creation of the database, might take some time
[INFO]: Database finished.
Wed Jul 05 15:25:54 CEST 2023